------- FILE GDAC4_2.ASM LEVEL 1 PASS 2
      1  065f ????
      2  065f ????						;THIS NEXT SECTION GOES AFTER GLOADER.S
      3  0000 ????				      ORG	END01
      4  0000 ????
      5  0000 ????						;
      6  0000 ????						;THIS IS THE MOTION TABLE WHICH CAUSES AN ATTACKING BLUE SHIP TO CURVE
      7  0000 ????						;UP TOWARD THE FORMATION.
      8  0000 ????						;THERE ARE 4 ENTRIES
      9  0000 ????						;
     10  0000 ????	       e5 04 c5 e4*BATBL2     DC.B	$E5,$04,$C5,$E4,$DD,$FC,$FD,$1C,$06
     11  0000 ????
     12  0000 ????						;
     13  0000 ????						;
     14  0000 ????						;THIS TABLE INDEXED BY RACK TELLS HOW MANY SHIPS CAN BE FLYING AROUND
     15  0000 ????						;IN THE SPECIFIC RACK
     16  0000 ????						;
     17  0000 ????	       04 02 02 01*NUMATTK    DC.B	4,2,2,1,3,3,3,1
     18  0008 ????	       02 02 02 01*	      DC.B	2,2,2,1,3,3,3,1
     19  0010 ????	       03 03 03 01*	      DC.B	3,3,3,1,3,3,3,1
     20  0018 ????	       03 03 03 01*	      DC.B	3,3,3,1,4,4,4,1
     21  0020 ????
     22  0020 ????						;  THIS TABLE IS FOR THE RACK 3 CHALLENGING STAGE
     23  0020 ????	       f6 08	   CHRACK3A   DC.B	$F6,$08
     24  0022 ????	       f6 08		      DC.B	$F6,$08
     25  0024 ????	       36 08 e8 08*	      DC.B	$36,$08,$E8,$08,$08,$E9
     26  002a ????	       e8 08 e8 08*	      DC.B	$E8,$08,$E8,$08,$26,$E8,$08,$36,$E8
     27  0033 ????	       e4 e4 36 e8*	      DC.B	$E4,$E4,$36,$E8,$E4,$E4
     28  0039 ????	       e8 e8 e4 e4*	      DC.B	$E8,$E8,$E4,$E4,$E8,$E4,$E4,$E8,$56,$E4
     29  0043 ????	       c4 26 e4 	      DC.B	$C4,$26,$E4
     30  0046 ????	       26 c4 c0 c0*	      DC.B	$26,$C4,$C0,$C0,$DC,$DD,$DC,$F8,$F9
     31  004f ????	       18 f8 18 38*	      DC.B	$18,$F8,$18,$38,$18,$38,$38,$39,$38,$20,$3C
     32  005a ????	       58 58 20 3c*	      DC.B	$58,$58,$20,$3C,$58,$20,$3D,$20,$3C,$20,$3C
     33  0065 ????	       20 3c 20 3c*	      DC.B	$20,$3C,$20,$3C,$58,$40,$20,$3C,$5C,$20
     34  006f ????	       3c 20 3c 40*	      DC.B	$3C,$20,$3C,$40,$20,$3C,$20,$3C,$20,$3C,$40
     35  007a ????	       20 3c 40 40*	      DC.B	$20,$3C,$40,$40,$20,$3C,$40,$20,$3C,$40,$20
     36  0085 ????	       3c 20 3c 40*	      DC.B	$3C,$20,$3C,$40,$20,$3C,$40,$20,$3C,$20
     37  008f ????	       3c 40 20 3c*	      DC.B	$3C,$40,$20,$3C,$40,$20,$3C,$20,$3C,$40
     38  0099 ????	       20 3c 40 20*	      DC.B	$20,$3C,$40,$20,$3C,$20,$3C,$40,$20,$3C
     39  00a3 ????	       40 20 3c 20*	      DC.B	$40,$20,$3C,$20,$3C,$40,$20,$3C,$40,$20
     40  00ad ????	       3c 20 3c 40*	      DC.B	$3C,$20,$3C,$40,$20,$3C,$40,$20,$3C,$20
     41  00b7 ????	       3c 40 20 3c*	      DC.B	$3C,$40,$20,$3C,$40,$20,$3C,$02
     42  00bf ????
     43  00bf ????	       e0 e0 fc 26*CHRACK3B   DC.B	$E0,$E0,$FC,$26,$E0,$FC,$E0,$FC,$E0
     44  00c8 ????	       fc e0 fc e0*	      DC.B	$FC,$E0,$FC,$E0,$FC,$E0,$FC,$E0,$FC,$E0
     45  00d2 ????	       fc e0 fc e0*	      DC.B	$FC,$E0,$FC,$E0,$FC,$E0,$FC,$E0,$FC,$E0
     46  00dc ????	       fc e0 fc e0*	      DC.B	$FC,$E0,$FC,$E0,$FC,$E0,$FC,$E0,$FC,$E0
     47  00e6 ????	       fc e0 fc e0*	      DC.B	$FC,$E0,$FC,$E0,$FC,$E0,$FC,$E0,$FC,$E0
     48  00f0 ????	       fc e0 fc e0*	      DC.B	$FC,$E0,$FC,$E0,$D8,$FC,$E0,$FC,$E0
     49  00f9 ????	       fc e0 d8 fc*	      DC.B	$FC,$E0,$D8,$FC,$E0,$D8,$FC,$E0
     50  0101 ????	       d8 fc e0 d8*	      DC.B	$D8,$FC,$E0,$D8,$FC,$E0,$FC,$E0
     51  0109 ????	       fc e0 fc fc*	      DC.B	$FC,$E0,$FC,$FC,$1C,$56
     52  010f ????	       fc		      DC.B	$FC
     53  0110 ????	       1c 26 fc fd	      DC.B	$1C,$26,$FC,$FD
     54  0114 ????	       fc 1c fc fd*	      DC.B	$FC,$1C,$FC,$FD,$F8
     55  0119 ????	       36 1c f8 f6*	      DC.B	$36,$1C,$F8,$F6,$1C
     56  011e ????	       f6 1c		      DC.B	$F6,$1C
     57  0120 ????	       b6 1c		      DC.B	$B6,$1C
     58  0122 ????	       3d 3c 1c 3c*	      DC.B	$3D,$3C,$1C,$3C,$3C,$3D,$26,$20,$24
     59  012b ????	       20 25 26 24*	      DC.B	$20,$25,$26,$24,$20,$24,$24,$04,$24
     60  0134 ????	       05 f6 04 	      DC.B	$05,$F6,$04
     61  0137 ????	       f6 04		      DC.B	$F6,$04
     62  0139 ????	       b6 04		      DC.B	$B6,$04
     63  013b ????	       e9		      DC.B	$E9
     64  013c ????	       e0 fc e0 fc*	      DC.B	$E0,$FC,$E0,$FC,$FD
     65  0141 ????	       fc fd		      DC.B	$FC,$FD
     66  0143 ????	       f6 fc		      DC.B	$F6,$FC
     67  0145 ????	       f6 fc		      DC.B	$F6,$FC
     68  0147 ????	       f6 fc		      DC.B	$F6,$FC
     69  0149 ????	       f6 fc		      DC.B	$F6,$FC
     70  014b ????	       f6 fc f2 	      DC.B	$F6,$FC,$F2
     71  014e ????	       02		      DC.B	$02
     72  014f ????
     73  014f ????	       f6 20	   CHRACK7B   DC.B	$F6,$20
     74  0151 ????	       f6 20		      DC.B	$F6,$20
     75  0153 ????	       f6 20		      DC.B	$F6,$20
     76  0155 ????	       f6 20		      DC.B	$F6,$20
     77  0157 ????	       f6 20		      DC.B	$F6,$20
     78  0159 ????	       36 20 3c 26*	      DC.B	$36,$20,$3C,$26,$20
     79  015e ????	       3c 26 20 3c*	      DC.B	$3C,$26,$20,$3C,$20,$3C,$20,$3C,$20
     80  0167 ????	       36 5c 5f 5c*	      DC.B	$36,$5C,$5F,$5C,$58,$5C,$58,$58
     81  016f ????	       38 58 58 38*	      DC.B	$38,$58,$58,$38,$58,$26,$38,$58,$46
     82  0178 ????	       38 3b 18 38*	      DC.B	$38,$3B,$18,$38,$38,$18,$38
     83  017f ????	       18 38 26 18*	      DC.B	$18,$38,$26,$18,$38,$56,$18
     84  0186 ????	       f8 26 18 f8*	      DC.B	$F8,$26,$18,$F8,$18,$F8,$18
     85  018d ????	       f8 f8 18 f8*	      DC.B	$F8,$F8,$18,$F8,$FB,$66,$F8
     86  0194 ????	       26 d8 86 dc	      DC.B	$26,$D8,$86,$DC
     87  0198 ????	       c3 dc c0 c0*	      DC.B	$C3,$DC,$C0,$C0,$DC,$B6,$C0
     88  019f ????	       c4 c0 c3 c4	      DC.B	$C4,$C0,$C3,$C4
     89  01a3 ????	       c0 76 c4 36	      DC.B	$C0,$76,$C4,$36
     90  01a7 ????	       c8 46 e8 eb*	      DC.B	$C8,$46,$E8,$EB,$26
     91  01ac ????	       08 e8 e8 08*	      DC.B	$08,$E8,$E8,$08,$E8,$08,$E8,$26
     92  01b4 ????	       08 e8 56 08*	      DC.B	$08,$E8,$56,$08,$28
     93  01b9 ????	       26 08 28 08*	      DC.B	$26,$08,$28,$08,$28,$08,$28,$28,$08
     94  01c2 ????	       56 28 48 28*	      DC.B	$56,$28,$48,$28,$28,$2B
     95  01c8 ????	       48 28 48 48*	      DC.B	$48,$28,$48,$48,$28,$48,$48,$44,$48,$44
     96  01d2 ????	       24 20 24 20*	      DC.B	$24,$20,$24,$20,$27,$20,$24,$20,$24,$20
     97  01dc ????	       24 20 24 20*	      DC.B	$24,$20,$24,$20,$24,$26,$20,$24,$26
     98  01e5 ????	       20 24 f6 20	      DC.B	$20,$24,$F6,$20
     99  01e9 ????	       f6 20		      DC.B	$F6,$20
    100  01eb ????	       f6 20 f6 20	      DC.B	$F6,$20,$F6,$20
    101  01ef ????	       f6 20		      DC.B	$F6,$20
    102  01f1 ????	       26 20 02 	      DC.B	$26,$20,$02
    103  01f4 ????
    104  01f4 ????						;*THIS DATA IS ALSO USED FOR CHRACK11A
    105  01f4 ????	       f6 08	   CHRACK7A   DC.B	$F6,$08
    106  01f6 ????	       f6 08		      DC.B	$F6,$08
    107  01f8 ????	       a6 08		      DC.B	$A6,$08
    108  01fa ????	       28 2b 28 56*	      DC.B	$28,$2B,$28,$56,$48
    109  01ff ????	       44 48 44 48*	      DC.B	$44,$48,$44,$48,$26,$44,$47
    110  0206 ????	       44 40 44 40*	      DC.B	$44,$40,$44,$40,$44,$40,$44,$41,$45,$41
    111  0210 ????	       c1 dc c0 dc*	      DC.B	$C1,$DC,$C0,$DC,$C1,$DC,$C0,$DC,$C0
    112  0219 ????	       46 dc d8 dc*	      DC.B	$46,$DC,$D8,$DC,$D8,$DC,$56,$D8
    113  0221 ????	       f9 f8 f8 f6*	      DC.B	$F9,$F8,$F8,$F6,$18
    114  0226 ????	       f6 18		      DC.B	$F6,$18
    115  0228 ????	       a6 18		      DC.B	$A6,$18
    116  022a ????	       02		      DC.B	$02
    117  022b ????
    118  022b ????	       f6 40	   CHRCK11B   DC.B	$F6,$40
    119  022d ????	       f6 40		      DC.B	$F6,$40
    120  022f ????	       86 40 36 03*	      DC.B	$86,$40,$36,$03,$B6,$C0
    121  0235 ????	       dd		      DC.B	$DD
    122  0236 ????	       dc dc d8 dc*	      DC.B	$DC,$DC,$D8,$DC,$36,$D8,$36,$F8
    123  023e ????	       18 f8 f8 18*	      DC.B	$18,$F8,$F8,$18,$F8,$F8,$18,$F9
    124  0246 ????	       18 f8 18 f8*	      DC.B	$18,$F8,$18,$F8,$18,$F8,$26,$18,$F8
    125  024f ????	       36 18 f8 66*	      DC.B	$36,$18,$F8,$66,$18
    126  0254 ????	       38 18 38 38*	      DC.B	$38,$18,$38,$38,$18,$66,$38
    127  025b ????	       39 86 58 	      DC.B	$39,$86,$58
    128  025e ????	       26 5c 5d 5c*	      DC.B	$26,$5C,$5D,$5C,$5C
    129  0263 ????	       40 45 44 48*	      DC.B	$40,$45,$44,$48,$28,$29,$28,$28,$08,$08
    130  026d ????	       28 26 08 28*	      DC.B	$28,$26,$08,$28,$F6,$08
    131  0273 ????	       46 08 2b 28*	      DC.B	$46,$08,$2B,$28,$48,$48
    132  0279 ????	       47 44 f6 40	      DC.B	$47,$44,$F6,$40
    133  027d ????	       f6 40		      DC.B	$F6,$40
    134  027f ????	       86 40		      DC.B	$86,$40
    135  0281 ????	       02		      DC.B	$02
    136  0282 ????
    137  0282 ????	       76 08 0b 03 CHRCK15A   DC.B	$76,$08,$0B,$03
    138  0286 ????	       40 44 40 44*	      DC.B	$40,$44,$40,$44,$45,$48,$48,$4C,$28,$29
    139  0290 ????	       28 08 28 08*	      DC.B	$28,$08,$28,$08,$E8,$08,$26,$E8,$C9
    140  0299 ????	       26 c8 c4 c1*	      DC.B	$26,$C8,$C4,$C1,$C4,$36,$C0
    141  02a0 ????	       36 c4 c7 c8*	      DC.B	$36,$C4,$C7,$C8,$C8,$CC,$E8,$0B
    142  02a8 ????	       e8 36 08 28*	      DC.B	$E8,$36,$08,$28,$08,$28,$28,$4B
    143  02b0 ????	       48 48 64 40*	      DC.B	$48,$48,$64,$40,$47,$46,$40
    144  02b7 ????	       44 40 44 48*	      DC.B	$44,$40,$44,$48,$49,$48,$48,$28,$28,$09
    145  02c1 ????	       28 26 08 e8*	      DC.B	$28,$26,$08,$E8,$08,$26,$E8,$C9
    146  02c9 ????	       c8 a8 c4 c0*	      DC.B	$C8,$A8,$C4,$C0,$C1,$C4,$26,$C0,$46
    147  02d2 ????	       dc d9 d8 d4*	      DC.B	$DC,$D9,$D8,$D4,$F8,$F8,$19
    148  02d9 ????	       f8 18 18 38*	      DC.B	$F8,$18,$18,$38,$18,$36,$38,$59
    149  02e1 ????	       58 26 5c 41*	      DC.B	$58,$26,$5C,$41,$5C,$26,$40,$5C
    150  02e9 ????	       40 26 5c 5b*	      DC.B	$40,$26,$5C,$5B,$58,$58,$38,$38,$3B
    151  02f2 ????	       18 38 18 18*	      DC.B	$18,$38,$18,$18,$F8,$18,$26,$F8,$DB
    152  02fb ????	       b4 d8 dc dc*	      DC.B	$B4,$D8,$DC,$DC,$DF,$46,$C0
    153  0302 ????	       dc c0 dc dc*	      DC.B	$DC,$C0,$DC,$DC,$DD,$D8,$26,$F8,$F9
    154  030b ????	       18 f8 18 18*	      DC.B	$18,$F8,$18,$18,$38,$18,$38,$18,$38,$59
    155  0315 ????	       58 58 5c 5c*	      DC.B	$58,$58,$5C,$5C,$5D,$40,$5C,$40,$43,$03
    156  031f ????	       86 18 02 	      DC.B	$86,$18,$02
    157  0322 ????
    158  0322 ????	       5c 5c 66 58*CHRCK15B   DC.B	$5C,$5C,$66,$58,$38
    159  0327 ????	       3b 36 38 18*	      DC.B	$3B,$36,$38,$18,$38,$18,$38,$18
    160  032f ????	       38 18 38 18*	      DC.B	$38,$18,$38,$18,$18,$38,$18,$38,$18,$38
    161  0339 ????	       18 36 38 58*	      DC.B	$18,$36,$38,$58,$38,$58,$38,$5D
    162  0341 ????	       58 5c 5c 41*	      DC.B	$58,$5C,$5C,$41,$5C
    163  0346 ????						;*THIS IS THE FIRST LOOP
    164  0346 ????			   CHRCK15C
    165  0346 ????	       46 40 44 45*	      DC.B	$46,$40,$44,$45,$44,$24
    166  034c ????	       48 26 28 09*	      DC.B	$48,$26,$28,$09,$28,$08,$28,$08,$08
    167  0355 ????	       28 08 08 c8*	      DC.B	$28,$08,$08,$C8,$08,$C8,$08,$C8,$08,$C8
    168  035f ????	       c8 c9 c8 c4*	      DC.B	$C8,$C9,$C8,$C4,$C9,$C8,$C4,$C0,$D8,$D9
    169  0369 ????	       d8 18 f9 46*	      DC.B	$D8,$18,$F9,$46,$18,$38,$18
    170  0370 ????	       38 18 38 18*	      DC.B	$38,$18,$38,$18,$46,$38,$59
    171  0377 ????	       38 26 58 59*	      DC.B	$38,$26,$58,$59,$58,$40,$58,$40
    172  037f ????
    173  037f ????	       46 40 44 45*	      DC.B	$46,$40,$44,$45,$44,$24
    174  0385 ????	       48 26 28 09*	      DC.B	$48,$26,$28,$09,$28,$08,$28,$08,$08
    175  038e ????	       28 08 08 c8*	      DC.B	$28,$08,$08,$C8,$08,$C8,$08,$C8,$08,$C8
    176  0398 ????	       c8 c9 c8 c4*	      DC.B	$C8,$C9,$C8,$C4,$C9,$C8,$C4,$C0,$D8,$D9
    177  03a2 ????	       d8 18 f9 46*	      DC.B	$D8,$18,$F9,$46,$18,$38,$18
    178  03a9 ????	       38 18 38 18*	      DC.B	$38,$18,$38,$18,$46,$38,$59
    179  03b0 ????	       38 26 58 59*	      DC.B	$38,$26,$58,$59,$58,$40,$58,$40
    180  03b8 ????
    181  03b8 ????	       46 40 44 45*	      DC.B	$46,$40,$44,$45,$44,$24
    182  03be ????	       48 26 28 09*	      DC.B	$48,$26,$28,$09,$28,$08,$28,$08,$08
    183  03c7 ????	       28 08 08 c8*	      DC.B	$28,$08,$08,$C8,$08,$C8,$08,$C8,$08,$C8
    184  03d1 ????	       c8 c9 c8 c4*	      DC.B	$C8,$C9,$C8,$C4,$C9,$C8,$C4,$C0,$D8,$D9
    185  03db ????	       d8 18 f9 46*	      DC.B	$D8,$18,$F9,$46,$18,$38,$18
    186  03e2 ????	       38 18 38 18*	      DC.B	$38,$18,$38,$18,$46,$38,$59
    187  03e9 ????	       38 26 58 59*	      DC.B	$38,$26,$58,$59,$58,$40,$58,$40
    188  03f1 ????						;*THIS IS THE DEPARTING PATH
    189  03f1 ????			   CHRCK15D
    190  03f1 ????	       40 44 45 	      DC.B	$40,$44,$45
    191  03f4 ????	       48 48 26 28*	      DC.B	$48,$48,$26,$28,$48,$26,$28,$29
    192  03fc ????	       08 28 08 28*	      DC.B	$08,$28,$08,$28,$08,$28,$26,$08,$28
    193  0405 ????	       08 28 08 28*	      DC.B	$08,$28,$08,$28,$08,$28,$08,$28,$08,$28
    194  040f ????	       08 26 28 2b*	      DC.B	$08,$26,$28,$2B,$36,$28,$47
    195  0416 ????	       40 40 02 	      DC.B	$40,$40,$02
    196  0419 ????
    197  0419 ????	       f6 e8 f6 e8*CHRCK19A   DC.B	$F6,$E8,$F6,$E8,$F6,$E8,$46,$E8,$EB,$08,$2B
    198  0424 ????	       f6 48 48 47*	      DC.B	$F6,$48,$48,$47,$40,$5F,$F6,$58,$58
    199  042d ????	       3b 38 fb 	      DC.B	$3B,$38,$FB
    200  0430 ????	       f8 f6 d8 26*	      DC.B	$F8,$F6,$D8,$26,$D8,$DF,$C7,$D6,$C8,$EB
    201  043a ????	       08 2b b6 48*	      DC.B	$08,$2B,$B6,$48,$47,$40,$5F,$B6
    202  0442 ????	       58 3b 18 fb*	      DC.B	$58,$3B,$18,$FB,$A6,$D8,$DF,$C7
    203  044a ????	       a6 c8 eb 08*	      DC.B	$A6,$C8,$EB,$08,$2B,$86,$48,$47
    204  0452 ????	       40 5f 86 58*	      DC.B	$40,$5F,$86,$58,$3B,$18,$FB,$76
    205  045a ????	       d8 df c7 76*	      DC.B	$D8,$DF,$C7,$76,$C8,$EB,$2B,$66
    206  0462 ????	       48 47 5f 56*	      DC.B	$48,$47,$5F,$56,$58,$5B,$1B,$F6
    207  046a ????	       d8 f6 d8 f6*	      DC.B	$D8,$F6,$D8,$F6,$D8,$36,$D8,$02
    208  0472 ????
    209  0472 ????			   CHRCK19B
    210  0472 ????	       76 40 5f 26*	      DC.B	$76,$40,$5F,$26,$5C,$F6,$58,$F6,$58,$96
    211  047c ????	       58 5d 26 5c*	      DC.B	$58,$5D,$26,$5C,$36,$40,$45,$26,$44,$48
    212  0486 ????	       49 36 28 36*	      DC.B	$49,$36,$28,$36,$08,$E9,$26,$E8,$C8,$C8
    213  0490 ????	       c4 c5 76 c0*	      DC.B	$C4,$C5,$76,$C0,$DD,$26,$DC,$F6,$D8,$D8
    214  049a ????	       36 dc c3 26*	      DC.B	$36,$DC,$C3,$26,$C0,$C7,$26,$C4,$C8,$C8
    215  04a4 ????	       eb 26 e8 36*	      DC.B	$EB,$26,$E8,$36,$08,$2B,$26,$28,$48,$48
    216  04ae ????	       36 44 43 26*	      DC.B	$36,$44,$43,$26,$40,$5F,$26,$5C,$F6,$58
    217  04b8 ????	       26 58		      DC.B	$26,$58
    218  04ba ????	       3b 26 38 36*	      DC.B	$3B,$26,$38,$36,$18,$FB,$26,$F8,$D8,$D8
    219  04c4 ????	       36 dc c3 26*	      DC.B	$36,$DC,$C3,$26,$C0,$C7,$26,$C4,$C8,$CB
    220  04ce ????	       36 e8 36 08*	      DC.B	$36,$E8,$36,$08,$2B,$F6,$28,$F6,$28,$86
    221  04d8 ????	       28 36 48 76*	      DC.B	$28,$36,$48,$76,$44,$43,$D6,$40,$02
    222  04e1 ????
    223  04e1 ????	       f6 08 36 08*CHRCK23A   DC.B	$F6,$08,$36,$08,3,3,$B6,$40
    224  04e9 ????	       01 01 f6 08*	      DC.B	1,1,$F6,8,$36,8,3,3,$B6,$40,1,1
    225  04f5 ????	       f6 08 36 08*	      DC.B	$F6,8,$36,8,3,3,$F6,$40,$36,$40
    226  04ff ????	       02		      DC.B	$02
    227  0500 ????
    228  0500 ????	       36 40 5f f6*CHRCK23B   DC.B	$36,$40,$5F,$F6,$5C,$F6,$5C,$F6,$5C,$F6,$5C,$5C
    229  050c ????	       58 3b 18 fb*	      DC.B	$58,$3B,$18,$FB,$D8,$96,$DC,$C3,$F6,$C0
    230  0516 ????	       f6 c0 dd 26*	      DC.B	$F6,$C0,$DD,$26,$DC,$D8,$F9,$18
    231  051e ????	       39 58 36 5c*	      DC.B	$39,$58,$36,$5C,$41,$F6,$40,$76,$40,$5F
    232  0528 ????	       26 5c 58 3b*	      DC.B	$26,$5C,$58,$3B,$18,$FB,$D8,$36,$DC,$C3
    233  0532 ????	       f6 c0 c0 c0*	      DC.B	$F6,$C0,$C0,$C0,$DD,$26,$DC,$D8,$F9,$18
    234  053c ????	       39 48 36 5c*	      DC.B	$39,$48,$36,$5C,$41,$76,$40,$03,$03,$76
    235  0546 ????	       18 02		      DC.B	$18,$02
    236  0548 ????
    237  0548 ????	       76 08 01 01*CHRCK27A   DC.B	$76,$08,$01,$01,$F6,$C0,$F6,$C0,$C0,$C3
    238  0552 ????	       03 03 f6 24*	      DC.B	$03,$03,$F6,$24,$F6,$24,$F6,$24,$F6,$24
    239  055c ????	       f6 24 f6 24*	      DC.B	$F6,$24,$F6,$24,$F6,$24,$F6,$24,$F6,$24
    240  0566 ????	       49 01 01 f6*	      DC.B	$49,$01,$01,$F6,$C0,$F6,$C0,$F6,$C0,$F6
    241  0570 ????	       c0 b6 c0 02	      DC.B	$C0,$B6,$C0,$02
    242  0574 ????
    243  0574 ????	       f6 20 5f 26*CHRCK27B   DC.B	$F6,$20,$5F,$26,$5C,$36,$3C,$3B,$26,$38
    244  057e ????	       f6 18 a6 18*	      DC.B	$F6,$18,$A6,$18,$39,$26,$38,$36,$3C,$21
    245  0588 ????	       3c 20 3c 76*	      DC.B	$3C,$20,$3C,$76,$20,$25,$20,$24,$20
    246  0591 ????	       24 20 24 20*	      DC.B	$24,$20,$24,$20,$24,$20,$24,$20,$24,$20,$96,$24
    247  059d ????	       24 20 27 20	      DC.B	$24,$20,$27,$20
    248  05a1 ????	       b6 20 3f 20*	      DC.B	$B6,$20,$3F,$20,$3C,$20,$96,$3C
    249  05a9 ????	       3c 20 3c 20*	      DC.B	$3C,$20,$3C,$20,$3C,$20,$3C,$20,$3C,$20,$3D,$20
    250  05b5 ????	       76 20 25 20*	      DC.B	$76,$20,$25,$20,$24,$20,$36,$24,$36,$28
    251  05bf ????	       05 f6 08 a6*	      DC.B	$05,$F6,$08,$A6,$08,$2B,$26,$28,$36,$24
    252  05c9 ????	       36 44 23 a6*	      DC.B	$36,$44,$23,$A6,$20,$02
    253  05cf ????
    254  05cf ????	       f6 08 b6 08*CHRCK31A   DC.B	$F6,$08,$B6,$08,$2B,$26,$28,$48,$48,$26
    255  05d9 ????	       44 47 56 40*	      DC.B	$44,$47,$56,$40,$5F,$26,$5C,$58,$5B,$36
    256  05e3 ????	       38 56 18 fb*	      DC.B	$38,$56,$18,$FB,$26,$F8,$D8,$DB,$36,$DC
    257  05ed ????	       56 c0 c7 26*	      DC.B	$56,$C0,$C7,$26,$C4,$C8,$C8,$F6,$E8,$F6
    258  05f7 ????	       e8 56 e8 c8*	      DC.B	$E8,$56,$E8,$C8,$C8,$36,$C4,$C1,$46,$C0
    259  0601 ????	       dd 26 dc d8*	      DC.B	$DD,$26,$DC,$D8,$D8,$36,$F8,$19,$46,$18
    260  060b ????	       36 38 59 58*	      DC.B	$36,$38,$59,$58,$26,$5C,$5D,$56,$40
    261  0614 ????	       36 44 49 48*	      DC.B	$36,$44,$49,$48,$36,$28,$09,$46,$08,$E9
    262  061e ????	       f6 e8 e8 36*	      DC.B	$F6,$E8,$E8,$36,$C8,$B6,$C4,$C1,$76,$C0
    263  0628 ????	       02		      DC.B	$02
    264  0629 ????
    265  0629 ????	       f6 5c f6 5c*CHRCK31B   DC.B	$F6,$5C,$F6,$5C,$F6,$5C,$56,$5C,$36,$58
    266  0633 ????	       3b 46 38 76*	      DC.B	$3B,$46,$38,$76,$18,$56,$F8,$DB,$26,$D8
    267  063d ????	       56 dc c3 66*	      DC.B	$56,$DC,$C3,$66,$C0,$56,$C4,$CB,$26,$C8
    268  0647 ????	       56 e8 0b 66*	      DC.B	$56,$E8,$0B,$66,$08,$56,$28,$4B,$26,$48
    269  0651 ????	       56 44 43 66*	      DC.B	$56,$44,$43,$66,$40,$5F,$F6,$5C,$F6,$5C
    270  065b ????	       46 5c 02 	      DC.B	$46,$5C,$02
    271  065e ????	       02	   END2       DC.B	$02
