------- FILE GRAPHB.ASM LEVEL 1 PASS 1
      1  0000					      processor	6502
      2  0000 ????						;GRAPHB.S
      3  c032					      ORG	$C032	;		    ;LINE 12
      4  c032		       80 0c 03    HEXPLO0    DC.B	$80,$0C,$03
      5  c035		       a0 30 44    HEXPLO1    DC.B	$A0,$30,$44
      6  c038		       a0 00 7c    HEXPLO2    DC.B	$A0,0,$7C
      7  c03b		       18 00 00    HEXPLO3    DC.B	$18,0,0
      8  c03e		       00 00 00    HEXPLO4    DC.B	0,0,0
      9  c041		       00 00 00    HEXPLO5    DC.B	0,0,0
     10  c044		       00 00 00    HEXPLO6    DC.B	0,0,0
     11  c047		       08 02 00    HEXPLO7    DC.B	8,2,0
     12  c04a		       00 00 00    DBLZERO    DC.B	0,0,0
     13  c04d		       00 00 00 00*TENK       DC.B	0,0,0,0,0,0
     14  c053		       00 00	   DIGIT0     DC.B	0,0
     15  c055		       00 00	   DIGIT1     DC.B	0,0
     16  c057		       00 00	   DIGIT2     DC.B	0,0
     17  c059		       00 00	   DIGIT3     DC.B	0,0
     18  c05b		       00 00	   DIGIT4     DC.B	0,0
     19  c05d		       00 00	   DIGIT5     DC.B	0,0
     20  c05f		       00 00	   DIGIT6     DC.B	0,0
     21  c061		       00 00	   DIGIT7     DC.B	0,0
     22  c063		       00 00	   DIGIT8     DC.B	0,0
     23  c065		       00 00	   DIGIT9     DC.B	0,0
     24  c067		       00 00 00 00*NUMOFHTS   DC.B	0,0,0,0,0,0,0,0,0,0
     25  c071		       00 00 00 00*	      DC.B	0,0,0,0,0,0,0,0,0,0
     26  c07b		       00 00 00 00*PERFECT    DC.B	0,0,0,0,0,0,0,0,0,0
     27  c085		       00 00 00 00*SPECIALG   DC.B	0,0,0,0,0,0,0,0,0,0,0
     28  c090		       00 00 00 00*BONUS      DC.B	0,0,0,0,0,0,0,0
     29  c098		       ff ff ff ca*LULOGO     DC.B	$FF,$FF,$FF,$CA,$50,$25,$40,$15,$40,$55,$55,$15,$41
     30  c0a5		       3f fc 0f ff*LILOGO     DC.B	$3F,$FC,$0F,$FF,$FF,$FF,$FF,$FF,$FF,$FF,$FF,$FF,$FF
     31  c0b2		       55 54 55 85*RULOGO     DC.B	$55,$54,$55,$85,$50,$09,$55,$50,$05,$A3,$FF,$FF,$FF
     32  c0bf		       ff ff ff aa*RILOGO     DC.B	$FF,$FF,$FF,$AA,$AA,$7F,$FF,$FF,$FF,$FF,$F0,$3F,$FF
     33  c0cc		       00 cc 30 cc*BULOGO     DC.B	$00,$CC,$30,$CC,$CC,$C1,$55,$54,$00
     34  c0d5		       00 00 00 00*BILOGO     DC.B	0,0,0,0,0,0,0,0,0
     35  c0de		       00 00	   LINE       DC.B	0,0
     36  c0e0		       00 00 00 00*FIGHTER    DC.B	0,0,0,0,0,0,0,0,0,0
     37  c0ea		       00 00 00 00*CAPTD      DC.B	0,0,0,0,0,0,0,0,0,0,0,0
     38  c0f6		       00 00	   PONE       DC.B	0,0
     39  c0f8		       00 00	   PTWO       DC.B	0,0
     40  c0fa		       00 00 00 00*CHLNGING   DC.B	$00,$00,$00,$00,$00,$00,$00,$00
     41  c102		       00 00 00 00*	      DC.B	$00,$00,$00,$00,$00,$00,$00,$00
     42  c10a		       00 00 00 00*PLAYERG    DC.B	$00,$00,$00,$00,$00,$00,$00,$00,$00,0,0
     43  c115		       00 00 00 00*STAGE      DC.B	$00,$00,$00,$00,$00,$00,$00
     44  c11c		       00 00 00 00*READY      DC.B	$00,$00,$00,$00,$00,$00,$00,$00
     45  c124		       00 00 00 00*GMEOVER    DC.B	$00,$00,$00,$00,$00,$00,$00,$00,$00,$00,$00,$00,$00
     46  c131
     47  c131					      ORG	$C131	;		    ;LINE 11
     48  c131		       00 00 00 	      DC.B	0,0,0
     49  c134		       20 0c 0c 	      DC.B	$20,$0C,$0C
     50  c137		       64 3d 7f 	      DC.B	$64,$3D,$7F
     51  c13a		       2a 3d 7c 	      DC.B	$2A,$3D,$7C
     52  c13d		       04 01 40 	      DC.B	4,1,$40
     53  c140		       00 01 40 	      DC.B	0,1,$40
     54  c143		       00 00 00 	      DC.B	0,0,0
     55  c146		       02 0a 00 	      DC.B	2,$A,0
     56  c149		       00 00 00 	      DC.B	0,0,0
     57  c14c		       00 00 00 00*	      DC.B	0,0,0,0,0,0
     58  c152		       00 00		      DC.B	0,0
     59  c154		       00 00		      DC.B	0,0
     60  c156		       00 00		      DC.B	0,0
     61  c158		       00 00		      DC.B	0,0
     62  c15a		       00 00		      DC.B	0,0
     63  c15c		       00 00		      DC.B	0,0
     64  c15e		       00 00		      DC.B	0,0
     65  c160		       00 00		      DC.B	0,0
     66  c162		       00 00		      DC.B	0,0
     67  c164		       00 00		      DC.B	0,0
     68  c166		       00 00 00 00*	      DC.B	0,0,0,0,0,0,0,0,0,0
     69  c170		       00 00 00 00*	      DC.B	0,0,0,0,0,0,0,0,0,0
     70  c17a		       00 00 00 00*	      DC.B	0,0,0,0,0,0,0,0,0,0
     71  c184		       00 00 00 00*	      DC.B	0,0,0,0,0,0,0,0,0,0,0
     72  c18f		       00 00 00 00*	      DC.B	0,0,0,0,0,0,0,0
     73  c197		       00 00 00 29*	      DC.B	$00,$00,$00,$29,$40,$25,$40,$15,$68,$15,$55,$15,$68
     74  c1a4		       00 00 00 60*	      DC.B	$00,$00,$00,$60,$02,$62,$A8,$A0,$00,$A0,$80,$08,$02
     75  c1b1		       55 54 55 55*	      DC.B	$55,$54,$55,$55,$51,$41,$55,$50,$01,$68,$00,$00,$00
     76  c1be		       82 00 02 aa*	      DC.B	$82,$00,$02,$AA,$A9,$6A,$08,$09,$80,$09,$00,$00,$00
     77  c1cb		       00 30 fc 30*	      DC.B	$00,$30,$FC,$30,$F0,$C2,$AA,$AA,$00
     78  c1d4		       00 00 00 00*	      DC.B	0,0,0,0,0,0,0,0,0
     79  c1dd		       00 00		      DC.B	0,0
     80  c1df		       00 00 00 00*	      DC.B	0,0,0,0,0,0,0,0,0,0
     81  c1e9		       00 00 00 00*	      DC.B	0,0,0,0,0,0,0,0,0,0,0,0
     82  c1f5		       00 00 00 00	      DC.B	0,0,0,0
     83  c1f9		       00 00 00 00*	      DC.B	$00,$00,$00,$00,$00,$00,$00,$00
     84  c201		       00 00 00 00*	      DC.B	$00,$00,$00,$00,$00,$00,$00,$00
     85  c209		       00 00 00 00*	      DC.B	$00,$00,$00,$00,$00,$00,$00,$00,$00,0,0
     86  c214		       00 00 00 00*	      DC.B	$00,$00,$00,$00,$00,$00,$00
     87  c21b		       00 00 00 00*	      DC.B	$00,$00,$00,$00,$00,$00,$00,$00
     88  c223		       00 00 00 00*	      DC.B	$00,$00,$00,$00,$00,$00,$00,$00,$00,$00,$00,$00,$00
     89  c230
     90  c230					      ORG	$C230	;		    ;LINE 10
     91  c230		       03 00 c0 	      DC.B	3,0,$C0
     92  c233		       00 00 30 	      DC.B	0,0,$30
     93  c236		       20 2f 3f 	      DC.B	$20,$2F,$3F
     94  c239		       0a 6f ff 	      DC.B	$A,$6F,$FF
     95  c23c		       03 5f f0 	      DC.B	$3,$5F,$F0
     96  c23f		       01 51 f0 	      DC.B	1,$51,$F0
     97  c242		       03 51 40 	      DC.B	$3,$51,$40
     98  c245		       02 8a 00 	      DC.B	$02,$8A,0
     99  c248		       00 00 00 	      DC.B	0,0,0
    100  c24b		       00 00 00 00*	      DC.B	0,0,0,0,0,0
    101  c251		       00 00		      DC.B	0,0
    102  c253		       00 00		      DC.B	0,0
    103  c255		       00 00		      DC.B	0,0
    104  c257		       00 00		      DC.B	0,0
    105  c259		       00 00		      DC.B	0,0
    106  c25b		       00 00		      DC.B	0,0
    107  c25d		       00 00		      DC.B	0,0
    108  c25f		       00 00		      DC.B	0,0
    109  c261		       00 00		      DC.B	0,0
    110  c263		       00 00		      DC.B	0,0
    111  c265		       00 00 00 00*	      DC.B	0,0,0,0,0,0,0,0,0,0
    112  c26f		       00 00 00 00*	      DC.B	0,0,0,0,0,0,0,0,0,0
    113  c279		       00 00 00 00*	      DC.B	0,0,0,0,0,0,0,0,0,0
    114  c283		       00 00 00 00*	      DC.B	0,0,0,0,0,0,0,0,0,0,0
    115  c28e		       00 00 00 00*	      DC.B	0,0,0,0,0,0,0,0
    116  c296		       00 00 00 5a*	      DC.B	$00,$00,$00,$5A,$00,$05,$40,$05,$85,$55,$55,$15,$55
    117  c2a3		       00 ff ff 16*	      DC.B	$00,$FF,$FF,$16,$A9,$4A,$AA,$28,$02,$A8,$A8,$2A,$0A
    118  c2b0		       55 54 95 55*	      DC.B	$55,$54,$95,$55,$50,$55,$55,$50,$00,$A5,$00,$00,$00
    119  c2bd		       a2 a0 00 aa*	      DC.B	$A2,$A0,$00,$AA,$A5,$6A,$8A,$81,$6A,$54,$FF,$FF,$00
    120  c2ca		       00 00 00 00*	      DC.B	$00,$00,$00,$00,$00,$02,$AA,$AA,$00
    121  c2d3		       00 00 00 00*	      DC.B	0,0,0,0,0,0,0,0,0
    122  c2dc		       00 00		      DC.B	0,0
    123  c2de		       00 00 00 00*	      DC.B	0,0,0,0,0,0,0,0,0,0
    124  c2e8		       00 00 00 00*	      DC.B	0,0,0,0,0,0,0,0,0,0,0,0
    125  c2f4		       00 00 00 00	      DC.B	0,0,0,0
    126  c2f8		       00 00 00 00*	      DC.B	$00,$00,$00,$00,$00,$00,$00,$00
    127  c300		       00 00 00 00*	      DC.B	$00,$00,$00,$00,$00,$00,$00,$00
    128  c308		       00 00 00 00*	      DC.B	$00,$00,$00,$00,$00,$00,$00,$00,$00,0,0
    129  c313		       00 00 00 00*	      DC.B	$00,$00,$00,$00,$00,$00,$00
    130  c31a		       00 00 00 00*	      DC.B	$00,$00,$00,$00,$00,$00,$00,$00
    131  c322		       00 00 00 00*	      DC.B	$00,$00,$00,$00,$00,$00,$00,$00,$00,$00,$00,$00,$00
    132  c32f
    133  c32f					      ORG	$C32f	;		    ;LINE 9
    134  c32f		       00 00 01 	      DC.B	0,0,1
    135  c332		       00 c0 c3 	      DC.B	0,$C0,$C3
    136  c335		       24 2b cf 	      DC.B	$24,$2B,$CF
    137  c338		       07 eb ff 	      DC.B	$07,$EB,$FF
    138  c33b		       07 ff f4 	      DC.B	$07,$FF,$F4
    139  c33e		       07 f7 f4 	      DC.B	7,$F7,$F4
    140  c341		       07 f7 d0 	      DC.B	$07,$F7,$D0
    141  c344		       0a aa a8 	      DC.B	$0A,$AA,$A8
    142  c347		       00 00 00 	      DC.B	0,0,0
    143  c34a		       00 00 20 00*	      DC.B	0,0,$20,0,0,0
    144  c350		       00 00		      DC.B	0,0
    145  c352		       00 00		      DC.B	0,0
    146  c354		       00 00		      DC.B	0,0
    147  c356		       00 00		      DC.B	0,0
    148  c358		       00 00		      DC.B	0,0
    149  c35a		       00 00		      DC.B	0,0
    150  c35c		       00 00		      DC.B	0,0
    151  c35e		       00 00		      DC.B	0,0
    152  c360		       00 00		      DC.B	0,0
    153  c362		       00 00		      DC.B	0,0
    154  c364		       00 00 00 00*	      DC.B	0,0,0,0,0,0,0,0,0,0
    155  c36e		       00 00 00 00*	      DC.B	0,0,0,0,0,0,0,0,0,0
    156  c378		       00 00 00 00*	      DC.B	0,0,0,0,0,0,0,0,0,0
    157  c382		       00 00 00 00*	      DC.B	0,0,0,0,0,0,0,0,0,0,0
    158  c38d		       00 00 00 00*	      DC.B	0,0,0,0,0,0,0,0
    159  c395		       00 00 00 16*	      DC.B	$00,$00,$00,$16,$00,$09,$50,$21,$41,$55,$55,$15,$45
    160  c3a2		       00 00 00 05*	      DC.B	$00,$00,$00,$05,$55,$0A,$AA,$8A,$02,$AA,$AA,$2A,$0A
    161  c3af		       55 54 15 55*	      DC.B	$55,$54,$15,$55,$50,$15,$55,$50,$00,$94,$00,$00,$00
    162  c3bc		       aa a8 00 aa*	      DC.B	$AA,$A8,$00,$AA,$55,$2A,$AA,$A0,$55,$50,$00,$00,$00
    163  c3c9		       0f f0 00 00*	      DC.B	$0F,$F0,$00,$00,$00,$01,$55,$55,$80
    164  c3d2		       00 00 00 00*	      DC.B	0,0,0,0,0,0,0,0,0
    165  c3db		       00 00		      DC.B	0,0
    166  c3dd		       00 00 00 00*	      DC.B	0,0,0,0,0,0,0,0,0,0
    167  c3e7		       00 00 00 00*	      DC.B	0,0,0,0,0,0,0,0,0,0,0,0
    168  c3f3		       00 00 00 00	      DC.B	0,0,0,0
    169  c3f7		       00 00 00 00*	      DC.B	$00,$00,$00,$00,$00,$00,$00,$00
    170  c3ff		       00 00 00 00*	      DC.B	$00,$00,$00,$00,$00,$00,$00,$00
    171  c407		       00 00 00 00*	      DC.B	$00,$00,$00,$00,$00,$00,$00,$00,$00,0,0
    172  c412		       00 00 00 00*	      DC.B	$00,$00,$00,$00,$00,$00,$00
    173  c419		       00 00 00 00*	      DC.B	$00,$00,$00,$00,$00,$00,$00,$00
    174  c421		       00 00 00 00*	      DC.B	$00,$00,$00,$00,$00,$00,$00,$00,$00,$00,$00,$00,$00
    175  c42e
    176  c400					      ORG	$C400	;		    ; 8 TH LINE
GRAPHB.ASM (177): error: Origin Reverse-indexed.
Aborting assembly
